<?xml version="1.0" encoding="UTF-8" ?>
<testsuite failures="0" time="0.191" errors="1" skipped="0" tests="2" name="com.billapp.cashman.vault.VaultDeviceInitializedTest">
  <properties>
    <property name="java.runtime.name" value="Java(TM) SE Runtime Environment"/>
    <property name="sun.boot.library.path" value="C:\Temp\jdk1.7.0_51\jre\bin"/>
    <property name="java.vm.version" value="24.51-b03"/>
    <property name="java.vm.vendor" value="Oracle Corporation"/>
    <property name="java.vendor.url" value="http://java.oracle.com/"/>
    <property name="path.separator" value=";"/>
    <property name="guice.disable.misplaced.annotation.check" value="true"/>
    <property name="java.vm.name" value="Java HotSpot(TM) 64-Bit Server VM"/>
    <property name="file.encoding.pkg" value="sun.io"/>
    <property name="user.script" value=""/>
    <property name="user.country" value="AU"/>
    <property name="sun.java.launcher" value="SUN_STANDARD"/>
    <property name="sun.os.patch.level" value="Service Pack 1"/>
    <property name="java.vm.specification.name" value="Java Virtual Machine Specification"/>
    <property name="user.dir" value="C:\Temp\workspace\_tasks\_priv\jod\sun-cashman\sun-cashman"/>
    <property name="java.runtime.version" value="1.7.0_51-b13"/>
    <property name="java.awt.graphicsenv" value="sun.awt.Win32GraphicsEnvironment"/>
    <property name="java.endorsed.dirs" value="C:\Temp\jdk1.7.0_51\jre\lib\endorsed"/>
    <property name="os.arch" value="amd64"/>
    <property name="java.io.tmpdir" value="C:\Users\U362880\AppData\Local\Temp\"/>
    <property name="line.separator" value="
"/>
    <property name="java.vm.specification.vendor" value="Oracle Corporation"/>
    <property name="user.variant" value=""/>
    <property name="os.name" value="Windows 7"/>
    <property name="classworlds.conf" value="C:\Temp\maven-3.0.2\bin\m2.conf"/>
    <property name="sun.jnu.encoding" value="Cp1252"/>
    <property name="java.library.path" value="C:\Temp\jdk1.7.0_51\bin;C:\WINDOWS\Sun\Java\bin;C:\WINDOWS\system32;C:\WINDOWS;C:\Program Files (x86)\TRICENTIS\TOSCA Testsuite;C:\TOSCA_PROJECTS;C:\Program Files (x86)\TRICENTIS\TOSCA Testsuite\dll;C:\Program Files (x86)\TRICENTIS\TOSCA Testsuite\dll\GuptaEngine;C:\Program Files (x86)\TRICENTIS\TOSCA Testsuite\libs;C:\Program Files (x86)\TRICENTIS\TOSCA Testsuite\dll\DelphiEngine;C:\Program Files (x86)\TRICENTIS\TOSCA Testsuite\dll\PBEngine;C:\Program Files (x86)\TRICENTIS\TOSCA Testsuite\dll\VBEngine;C:\Program Files (x86)\TRICENTIS\TOSCA Testsuite\dll\DotNetHooking;C:\Temp\jdk1.7.0_51\bin;c:\temp\bin;C:\WINDOWS\system32;C:\WINDOWS;C:\WINDOWS\System32\Wbem;C:\WINDOWS\System32\WindowsPowerShell\v1.0\;C:\Program Files (x86)\Enterprise Vault\EVClient\;C:\Program Files\Citrix\System32\;C:\Program Files (x86)\Citrix\ICAService\;C:\Program Files (x86)\Citrix\System32\;C:\Program Files (x86)\Common Files\Citrix\System32\;C:\Program Files (x86)\TortoiseSVN\bin;C:\Temp\maven-3.0.2\bin;C:\Temp\svn-win32-1.6.23\bin;C:\Temp\Python27;c:\Temp\ruby\bin;c:\Temp\mingw;C:\Temp\scala-2.11.2\bin;C:\Temp\jdk1.7.0_51\bin;c:\temp\bin;C:\Program Files (x86)\TRICENTIS\TOSCA Testsuite;C:\TOSCA_PROJECTS;C:\Program Files (x86)\TRICENTIS\TOSCA Testsuite\dll;C:\Program Files (x86)\TRICENTIS\TOSCA Testsuite\dll\GuptaEngine;C:\Program Files (x86)\TRICENTIS\TOSCA Testsuite\libs;C:\Program Files (x86)\TRICENTIS\TOSCA Testsuite\dll\DelphiEngine;C:\Program Files (x86)\TRICENTIS\TOSCA Testsuite\dll\PBEngine;C:\Program Files (x86)\TRICENTIS\TOSCA Testsuite\dll\VBEngine;C:\Program Files (x86)\TRICENTIS\TOSCA Testsuite\dll\DotNetHooking;C:\WINDOWS\system32;C:\WINDOWS;C:\WINDOWS\System32\Wbem;C:\WINDOWS\System32\WindowsPowerShell\v1.0\;C:\Program Files (x86)\Enterprise Vault\EVClient\;C:\Program Files\Citrix\System32\;C:\Program Files (x86)\Citrix\ICAService\;C:\Program Files (x86)\Citrix\System32\;C:\Program Files (x86)\Common Files\Citrix\System32\;C:\Program Files (x86)\TortoiseSVN\bin;C:\Temp\maven-3.0.2\bin;C:\Temp\svn-win32-1.6.23\bin;C:\Temp\Python27;."/>
    <property name="java.specification.name" value="Java Platform API Specification"/>
    <property name="java.class.version" value="51.0"/>
    <property name="sun.management.compiler" value="HotSpot 64-Bit Tiered Compilers"/>
    <property name="os.version" value="6.1"/>
    <property name="user.home" value="C:\Users\U362880"/>
    <property name="user.timezone" value="Australia/Brisbane"/>
    <property name="java.awt.printerjob" value="sun.awt.windows.WPrinterJob"/>
    <property name="java.specification.version" value="1.7"/>
    <property name="file.encoding" value="Cp1252"/>
    <property name="user.name" value="u362880"/>
    <property name="java.class.path" value="C:\Temp\maven-3.0.2\boot\plexus-classworlds-2.4.jar"/>
    <property name="java.vm.specification.version" value="1.7"/>
    <property name="sun.arch.data.model" value="64"/>
    <property name="java.home" value="C:\Temp\jdk1.7.0_51\jre"/>
    <property name="sun.java.command" value="org.codehaus.plexus.classworlds.launcher.Launcher test"/>
    <property name="java.specification.vendor" value="Oracle Corporation"/>
    <property name="user.language" value="en"/>
    <property name="awt.toolkit" value="sun.awt.windows.WToolkit"/>
    <property name="java.vm.info" value="mixed mode"/>
    <property name="java.version" value="1.7.0_51"/>
    <property name="java.ext.dirs" value="C:\Temp\jdk1.7.0_51\jre\lib\ext;C:\WINDOWS\Sun\Java\lib\ext"/>
    <property name="sun.boot.class.path" value="C:\Temp\jdk1.7.0_51\jre\lib\resources.jar;C:\Temp\jdk1.7.0_51\jre\lib\rt.jar;C:\Temp\jdk1.7.0_51\jre\lib\sunrsasign.jar;C:\Temp\jdk1.7.0_51\jre\lib\jsse.jar;C:\Temp\jdk1.7.0_51\jre\lib\jce.jar;C:\Temp\jdk1.7.0_51\jre\lib\charsets.jar;C:\Temp\jdk1.7.0_51\jre\lib\jfr.jar;C:\Temp\jdk1.7.0_51\jre\classes"/>
    <property name="java.vendor" value="Oracle Corporation"/>
    <property name="maven.home" value="C:\Temp\maven-3.0.2"/>
    <property name="file.separator" value="\"/>
    <property name="java.vendor.url.bug" value="http://bugreport.sun.com/bugreport/"/>
    <property name="sun.cpu.endian" value="little"/>
    <property name="sun.io.unicode.encoding" value="UnicodeLittle"/>
    <property name="sun.desktop" value="windows"/>
    <property name="sun.cpu.isalist" value="amd64"/>
  </properties>
  <testcase time="0.092" classname="com.billapp.cashman.vault.VaultDeviceInitializedTest" name="testRequestNeg">
    <error type="java.util.NoSuchElementException">java.util.NoSuchElementException
	at java.util.TreeMap.key(TreeMap.java:1221)
	at java.util.TreeMap.lastKey(TreeMap.java:292)
	at java.util.TreeSet.last(TreeSet.java:401)
	at com.billapp.cashman.vault.CombinationBuilder.buildPossibleUnit1List(CombinationBuilder.java:86)
	at com.billapp.cashman.vault.CombinationBuilder.buildPossibleCmdList(CombinationBuilder.java:72)
	at com.billapp.cashman.vault.CombinationBuilder.buildWithdrawCommand(CombinationBuilder.java:128)
	at com.billapp.cashman.vault.VaultController.withdraw(VaultController.java:177)
	at com.billapp.cashman.vault.VaultDevice.request(VaultDevice.java:208)
	at com.billapp.cashman.vault.VaultDevice.request(VaultDevice.java:174)
	at com.billapp.cashman.vault.VaultDeviceInitializedTest.testRequestNeg(VaultDeviceInitializedTest.java:40)
	at sun.reflect.NativeMethodAccessorImpl.invoke0(Native Method)
	at sun.reflect.NativeMethodAccessorImpl.invoke(NativeMethodAccessorImpl.java:57)
	at sun.reflect.DelegatingMethodAccessorImpl.invoke(DelegatingMethodAccessorImpl.java:43)
	at java.lang.reflect.Method.invoke(Method.java:606)
	at org.junit.runners.model.FrameworkMethod$1.runReflectiveCall(FrameworkMethod.java:47)
	at org.junit.internal.runners.model.ReflectiveCallable.run(ReflectiveCallable.java:12)
	at org.junit.runners.model.FrameworkMethod.invokeExplosively(FrameworkMethod.java:44)
	at org.junit.internal.runners.statements.InvokeMethod.evaluate(InvokeMethod.java:17)
	at org.junit.internal.runners.statements.RunBefores.evaluate(RunBefores.java:26)
	at org.junit.internal.runners.statements.RunAfters.evaluate(RunAfters.java:27)
	at org.junit.runners.ParentRunner.runLeaf(ParentRunner.java:271)
	at org.junit.runners.BlockJUnit4ClassRunner.runChild(BlockJUnit4ClassRunner.java:70)
	at org.junit.runners.BlockJUnit4ClassRunner.runChild(BlockJUnit4ClassRunner.java:50)
	at org.junit.runners.ParentRunner$3.run(ParentRunner.java:238)
	at org.junit.runners.ParentRunner$1.schedule(ParentRunner.java:63)
	at org.junit.runners.ParentRunner.runChildren(ParentRunner.java:236)
	at org.junit.runners.ParentRunner.access$000(ParentRunner.java:53)
	at org.junit.runners.ParentRunner$2.evaluate(ParentRunner.java:229)
	at org.junit.runners.ParentRunner.run(ParentRunner.java:309)
	at org.apache.maven.surefire.junit4.JUnit4TestSet.execute(JUnit4TestSet.java:53)
	at org.apache.maven.surefire.junit4.JUnit4Provider.executeTestSet(JUnit4Provider.java:123)
	at org.apache.maven.surefire.junit4.JUnit4Provider.invoke(JUnit4Provider.java:104)
	at sun.reflect.NativeMethodAccessorImpl.invoke0(Native Method)
	at sun.reflect.NativeMethodAccessorImpl.invoke(NativeMethodAccessorImpl.java:57)
	at sun.reflect.DelegatingMethodAccessorImpl.invoke(DelegatingMethodAccessorImpl.java:43)
	at java.lang.reflect.Method.invoke(Method.java:606)
	at org.apache.maven.surefire.util.ReflectionUtils.invokeMethodWithArray(ReflectionUtils.java:164)
	at org.apache.maven.surefire.booter.ProviderFactory$ProviderProxy.invoke(ProviderFactory.java:110)
	at org.apache.maven.surefire.booter.SurefireStarter.invokeProvider(SurefireStarter.java:175)
	at org.apache.maven.surefire.booter.SurefireStarter.runSuitesInProcessWhenForked(SurefireStarter.java:107)
	at org.apache.maven.surefire.booter.ForkedBooter.main(ForkedBooter.java:68)
</error>
    <system-out>controller +obs
device initialized
requesting 97.0
trying to withdraw:97
calculating for:97
build withdraw for:97
shutting down vault
controller shutted down
</system-out>
  </testcase>
  <testcase time="0.096" classname="com.billapp.cashman.vault.VaultDeviceInitializedTest" name="testDeposit"/>
</testsuite>